2024-07-19 10:03:38,964 - INFO - Tabel buku berhasil dibuat.
2024-07-19 10:03:38,970 - INFO - Buku 'Belajar Python' berhasil disimpan.
2024-07-19 10:03:38,974 - INFO - Buku 'Data Science dengan Python' berhasil disimpan.
2024-07-19 10:03:38,978 - INFO - Buku 'Web Development 101' berhasil disimpan.
2024-07-19 10:03:38,979 - INFO - Buku dengan ID 1 ditemukan.
2024-07-19 10:03:38,979 - INFO - Buku dengan ID 2 ditemukan.
2024-07-19 10:03:38,981 - INFO - Buku dengan ID 3 ditemukan.
2024-07-19 10:03:51,389 - INFO - Tabel buku berhasil dibuat.
2024-07-19 10:03:51,393 - INFO - Buku 'Belajar Python' berhasil disimpan.
2024-07-19 10:03:51,397 - INFO - Buku 'Data Science dengan Python' berhasil disimpan.
2024-07-19 10:03:51,401 - INFO - Buku 'Web Development 101' berhasil disimpan.
2024-07-19 10:03:51,402 - INFO - Buku dengan ID 1 ditemukan.
2024-07-19 10:03:51,403 - INFO - Buku dengan ID 2 ditemukan.
2024-07-19 10:03:51,403 - INFO - Buku dengan ID 3 ditemukan.
2024-07-19 10:04:52,832 - INFO - Tabel buku berhasil dibuat.
2024-07-19 10:04:52,841 - INFO - Buku 'Belajar Python' berhasil disimpan.
2024-07-19 10:04:52,845 - INFO - Buku 'Data Science dengan Python' berhasil disimpan.
2024-07-19 10:04:52,849 - INFO - Buku 'Web Development 101' berhasil disimpan.
2024-07-19 10:04:52,853 - INFO - Buku 'Machine Learning Basics' berhasil disimpan.
2024-07-19 10:04:52,856 - INFO - Buku 'Pengantar Statistik' berhasil disimpan.
2024-07-19 10:04:52,858 - INFO - Buku dengan ID 1 ditemukan.
2024-07-19 10:04:52,859 - INFO - Buku dengan ID 2 ditemukan.
2024-07-19 10:04:52,859 - INFO - Buku dengan ID 3 ditemukan.
2024-07-19 10:04:52,860 - INFO - Buku dengan ID 4 ditemukan.
2024-07-19 10:04:52,860 - INFO - Buku dengan ID 5 ditemukan.
2024-07-19 10:06:00,757 - INFO - Tabel buku berhasil dibuat.
2024-07-19 10:06:00,762 - INFO - Buku 'Belajar Python' berhasil disimpan.
2024-07-19 10:06:00,767 - INFO - Buku 'Data Science dengan Python' berhasil disimpan.
2024-07-19 10:06:00,770 - INFO - Buku 'Web Development 101' berhasil disimpan.
2024-07-19 10:06:00,775 - INFO - Buku 'Machine Learning Basics' berhasil disimpan.
2024-07-19 10:06:00,779 - INFO - Buku 'Pengantar Statistik' berhasil disimpan.
2024-07-19 10:06:00,780 - INFO - Buku dengan ID 1 ditemukan.
2024-07-19 10:06:00,781 - INFO - Buku dengan ID 2 ditemukan.
2024-07-19 10:06:00,782 - INFO - Buku dengan ID 3 ditemukan.
2024-07-19 10:06:00,783 - INFO - Buku dengan ID 4 ditemukan.
2024-07-19 10:06:00,783 - INFO - Buku dengan ID 5 ditemukan.
2024-07-19 10:06:25,861 - INFO - Tabel buku berhasil dibuat.
2024-07-19 10:06:25,867 - INFO - Buku 'Belajar Python' berhasil disimpan.
2024-07-19 10:06:25,872 - INFO - Buku 'Data Science dengan Python' berhasil disimpan.
2024-07-19 10:06:25,876 - INFO - Buku 'Web Development 101' berhasil disimpan.
2024-07-19 10:06:25,880 - INFO - Buku 'Machine Learning Basics' berhasil disimpan.
2024-07-19 10:06:25,884 - INFO - Buku 'Pengantar Statistik' berhasil disimpan.
2024-07-19 10:06:25,886 - INFO - Buku dengan ID 1 ditemukan.
2024-07-19 10:06:25,886 - INFO - Buku dengan ID 2 ditemukan.
2024-07-19 10:06:25,886 - INFO - Buku dengan ID 3 ditemukan.
2024-07-19 10:06:25,887 - INFO - Buku dengan ID 4 ditemukan.
2024-07-19 10:06:25,887 - INFO - Buku dengan ID 5 ditemukan.
2024-07-19 10:07:28,074 - INFO - Tabel buku berhasil dibuat.
2024-07-19 10:07:28,079 - INFO - Buku 'Belajar Python' berhasil disimpan.
2024-07-19 10:07:28,083 - INFO - Buku 'Data Science dengan Python' berhasil disimpan.
2024-07-19 10:07:28,086 - INFO - Buku 'Web Development 101' berhasil disimpan.
2024-07-19 10:07:28,092 - INFO - Buku 'Machine Learning Basics' berhasil disimpan.
2024-07-19 10:07:28,096 - INFO - Buku 'Pengantar Statistik' berhasil disimpan.
2024-07-19 10:07:28,097 - INFO - Buku dengan ID 1 ditemukan.
2024-07-19 10:07:28,097 - INFO - Buku dengan ID 2 ditemukan.
2024-07-19 10:07:28,098 - INFO - Buku dengan ID 3 ditemukan.
2024-07-19 10:07:28,098 - INFO - Buku dengan ID 4 ditemukan.
2024-07-19 10:07:28,098 - INFO - Buku dengan ID 5 ditemukan.
2024-07-19 10:10:00,844 - INFO - Tabel buku berhasil dibuat.
2024-07-19 10:10:00,845 - ERROR - Database error: no such table: buku
2024-07-19 10:10:00,846 - ERROR - Database error: no such table: buku
2024-07-19 10:10:00,847 - ERROR - Database error: no such table: buku
2024-07-19 10:10:00,847 - ERROR - Database error: no such table: buku
2024-07-19 10:10:00,848 - ERROR - Database error: no such table: buku
2024-07-19 10:10:00,848 - ERROR - Database error: no such table: buku
2024-07-19 10:10:00,849 - ERROR - Database error: no such table: buku
2024-07-19 10:10:00,850 - ERROR - Database error: no such table: buku
2024-07-19 10:10:00,850 - ERROR - Database error: no such table: buku
2024-07-19 10:10:00,851 - ERROR - Database error: no such table: buku
2024-07-19 10:14:20,328 - INFO - Tabel buku berhasil dibuat.
2024-07-19 10:14:20,329 - ERROR - Database error: no such table: buku
2024-07-19 10:14:20,330 - ERROR - Database error: no such table: buku
2024-07-19 10:14:20,330 - ERROR - Database error: no such table: buku
2024-07-19 10:14:20,330 - ERROR - Database error: no such table: buku
2024-07-19 10:14:20,332 - ERROR - Database error: no such table: buku
2024-07-19 10:14:20,332 - ERROR - Database error: no such table: buku
2024-07-19 10:14:20,333 - ERROR - Database error: no such table: buku
2024-07-19 10:14:20,333 - ERROR - Database error: no such table: buku
2024-07-19 10:14:20,333 - ERROR - Database error: no such table: buku
2024-07-19 10:14:20,334 - ERROR - Database error: no such table: buku
2024-07-19 10:14:33,266 - INFO - Tabel buku berhasil dibuat.
2024-07-19 10:14:33,267 - ERROR - Database error: no such table: buku
2024-07-19 10:14:33,268 - ERROR - Database error: no such table: buku
2024-07-19 10:14:33,268 - ERROR - Database error: no such table: buku
2024-07-19 10:14:33,269 - ERROR - Database error: no such table: buku
2024-07-19 10:14:33,269 - ERROR - Database error: no such table: buku
2024-07-19 10:14:33,269 - ERROR - Database error: no such table: buku
2024-07-19 10:14:33,271 - ERROR - Database error: no such table: buku
2024-07-19 10:14:33,271 - ERROR - Database error: no such table: buku
2024-07-19 10:14:33,272 - ERROR - Database error: no such table: buku
2024-07-19 10:14:33,272 - ERROR - Database error: no such table: buku
2024-07-19 10:15:32,231 - INFO - package: mysql.connector.plugins
2024-07-19 10:15:32,231 - INFO - plugin_name: mysql_native_password
2024-07-19 10:15:32,238 - INFO - AUTHENTICATION_PLUGIN_CLASS: MySQLNativePasswordAuthPlugin
2024-07-19 10:15:32,252 - ERROR - Database error saat membuat tabel: 1045 (28000): Access denied for user 'root'@'localhost' (using password: YES)
2024-07-19 10:15:32,254 - ERROR - Database error: 1045 (28000): Access denied for user 'root'@'localhost' (using password: YES)
2024-07-19 10:15:32,256 - ERROR - Database error: 1045 (28000): Access denied for user 'root'@'localhost' (using password: YES)
2024-07-19 10:15:32,258 - ERROR - Database error: 1045 (28000): Access denied for user 'root'@'localhost' (using password: YES)
2024-07-19 10:15:32,259 - ERROR - Database error: 1045 (28000): Access denied for user 'root'@'localhost' (using password: YES)
2024-07-19 10:15:32,260 - ERROR - Database error: 1045 (28000): Access denied for user 'root'@'localhost' (using password: YES)
2024-07-19 10:15:32,261 - ERROR - Database error: 1045 (28000): Access denied for user 'root'@'localhost' (using password: YES)
2024-07-19 10:15:32,262 - ERROR - Database error: 1045 (28000): Access denied for user 'root'@'localhost' (using password: YES)
2024-07-19 10:15:32,263 - ERROR - Database error: 1045 (28000): Access denied for user 'root'@'localhost' (using password: YES)
2024-07-19 10:15:32,264 - ERROR - Database error: 1045 (28000): Access denied for user 'root'@'localhost' (using password: YES)
2024-07-19 10:15:32,265 - ERROR - Database error: 1045 (28000): Access denied for user 'root'@'localhost' (using password: YES)
2024-07-19 10:17:31,323 - INFO - Tabel buku berhasil dibuat.
2024-07-19 10:17:31,326 - ERROR - Database error: 1049 (42000): Unknown database 'perpustakaandb'
2024-07-19 10:17:31,327 - ERROR - Database error: 1049 (42000): Unknown database 'perpustakaandb'
2024-07-19 10:17:31,328 - ERROR - Database error: 1049 (42000): Unknown database 'perpustakaandb'
2024-07-19 10:17:31,328 - ERROR - Database error: 1049 (42000): Unknown database 'perpustakaandb'
2024-07-19 10:17:31,329 - ERROR - Database error: 1049 (42000): Unknown database 'perpustakaandb'
2024-07-19 10:17:31,331 - ERROR - Database error: 1049 (42000): Unknown database 'perpustakaandb'
2024-07-19 10:17:31,331 - ERROR - Database error: 1049 (42000): Unknown database 'perpustakaandb'
2024-07-19 10:17:31,332 - ERROR - Database error: 1049 (42000): Unknown database 'perpustakaandb'
2024-07-19 10:17:31,332 - ERROR - Database error: 1049 (42000): Unknown database 'perpustakaandb'
2024-07-19 10:17:31,333 - ERROR - Database error: 1049 (42000): Unknown database 'perpustakaandb'
2024-07-19 10:18:10,273 - INFO - Tabel buku berhasil dibuat.
2024-07-19 10:18:10,281 - ERROR - Database error: 1146 (42S02): Table 'perpustakaan.db.buku' doesn't exist
2024-07-19 10:18:10,284 - ERROR - Database error: 1146 (42S02): Table 'perpustakaan.db.buku' doesn't exist
2024-07-19 10:18:10,285 - ERROR - Database error: 1146 (42S02): Table 'perpustakaan.db.buku' doesn't exist
2024-07-19 10:18:10,286 - ERROR - Database error: 1146 (42S02): Table 'perpustakaan.db.buku' doesn't exist
2024-07-19 10:18:10,287 - ERROR - Database error: 1146 (42S02): Table 'perpustakaan.db.buku' doesn't exist
2024-07-19 10:18:10,288 - ERROR - Database error: 1146 (42S02): Table 'perpustakaan.db.buku' doesn't exist
2024-07-19 10:18:10,291 - ERROR - Database error: 1146 (42S02): Table 'perpustakaan.db.buku' doesn't exist
2024-07-19 10:18:10,292 - ERROR - Database error: 1146 (42S02): Table 'perpustakaan.db.buku' doesn't exist
2024-07-19 10:18:10,293 - ERROR - Database error: 1146 (42S02): Table 'perpustakaan.db.buku' doesn't exist
2024-07-19 10:18:10,294 - ERROR - Database error: 1146 (42S02): Table 'perpustakaan.db.buku' doesn't exist
2024-07-20 00:21:06,820 - ERROR - Database error saat membuat tabel: 2003: Can't connect to MySQL server on 'localhost:3306' (10061 No connection could be made because the target machine actively refused it)
2024-07-20 00:21:10,913 - ERROR - Database error: 2003: Can't connect to MySQL server on 'localhost:3306' (10061 No connection could be made because the target machine actively refused it)
2024-07-20 00:21:12,952 - ERROR - Database error: 2003: Can't connect to MySQL server on 'localhost:3306' (10061 No connection could be made because the target machine actively refused it)
2024-07-20 00:21:14,982 - ERROR - Database error: 2003: Can't connect to MySQL server on 'localhost:3306' (10061 No connection could be made because the target machine actively refused it)
2024-07-20 00:21:17,019 - ERROR - Database error: 2003: Can't connect to MySQL server on 'localhost:3306' (10061 No connection could be made because the target machine actively refused it)
2024-07-20 00:21:19,055 - ERROR - Database error: 2003: Can't connect to MySQL server on 'localhost:3306' (10061 No connection could be made because the target machine actively refused it)
2024-07-20 00:21:21,097 - ERROR - Database error: 2003: Can't connect to MySQL server on 'localhost:3306' (10061 No connection could be made because the target machine actively refused it)
2024-07-20 00:21:23,140 - ERROR - Database error: 2003: Can't connect to MySQL server on 'localhost:3306' (10061 No connection could be made because the target machine actively refused it)
2024-07-20 00:21:25,166 - ERROR - Database error: 2003: Can't connect to MySQL server on 'localhost:3306' (10061 No connection could be made because the target machine actively refused it)
2024-07-20 00:21:27,201 - ERROR - Database error: 2003: Can't connect to MySQL server on 'localhost:3306' (10061 No connection could be made because the target machine actively refused it)
2024-07-20 00:21:29,229 - ERROR - Database error: 2003: Can't connect to MySQL server on 'localhost:3306' (10061 No connection could be made because the target machine actively refused it)
2024-07-20 00:22:30,617 - INFO - Tabel buku berhasil dibuat.
2024-07-20 00:22:30,739 - ERROR - Database error: 1146 (42S02): Table 'perpustakaan.db.buku' doesn't exist
2024-07-20 00:22:30,745 - ERROR - Database error: 1146 (42S02): Table 'perpustakaan.db.buku' doesn't exist
2024-07-20 00:22:30,755 - ERROR - Database error: 1146 (42S02): Table 'perpustakaan.db.buku' doesn't exist
2024-07-20 00:22:30,763 - ERROR - Database error: 1146 (42S02): Table 'perpustakaan.db.buku' doesn't exist
2024-07-20 00:22:30,774 - ERROR - Database error: 1146 (42S02): Table 'perpustakaan.db.buku' doesn't exist
2024-07-20 00:22:30,780 - ERROR - Database error: 1146 (42S02): Table 'perpustakaan.db.buku' doesn't exist
2024-07-20 00:22:30,791 - ERROR - Database error: 1146 (42S02): Table 'perpustakaan.db.buku' doesn't exist
2024-07-20 00:22:30,801 - ERROR - Database error: 1146 (42S02): Table 'perpustakaan.db.buku' doesn't exist
2024-07-20 00:22:30,811 - ERROR - Database error: 1146 (42S02): Table 'perpustakaan.db.buku' doesn't exist
2024-07-20 00:22:30,820 - ERROR - Database error: 1146 (42S02): Table 'perpustakaan.db.buku' doesn't exist
2024-07-20 00:22:31,646 - INFO - Tabel buku berhasil dibuat.
2024-07-20 00:22:31,678 - ERROR - Database error: 1146 (42S02): Table 'perpustakaan.db.buku' doesn't exist
2024-07-20 00:22:31,684 - ERROR - Database error: 1146 (42S02): Table 'perpustakaan.db.buku' doesn't exist
2024-07-20 00:22:31,694 - ERROR - Database error: 1146 (42S02): Table 'perpustakaan.db.buku' doesn't exist
2024-07-20 00:22:31,706 - ERROR - Database error: 1146 (42S02): Table 'perpustakaan.db.buku' doesn't exist
2024-07-20 00:22:31,715 - ERROR - Database error: 1146 (42S02): Table 'perpustakaan.db.buku' doesn't exist
2024-07-20 00:22:31,722 - ERROR - Database error: 1146 (42S02): Table 'perpustakaan.db.buku' doesn't exist
2024-07-20 00:22:31,726 - ERROR - Database error: 1146 (42S02): Table 'perpustakaan.db.buku' doesn't exist
2024-07-20 00:22:31,743 - ERROR - Database error: 1146 (42S02): Table 'perpustakaan.db.buku' doesn't exist
2024-07-20 00:22:31,746 - ERROR - Database error: 1146 (42S02): Table 'perpustakaan.db.buku' doesn't exist
2024-07-20 00:22:31,761 - ERROR - Database error: 1146 (42S02): Table 'perpustakaan.db.buku' doesn't exist
2024-07-20 00:27:33,798 - INFO - Tabel buku berhasil dibuat.
2024-07-20 00:27:33,815 - INFO - Buku 'Belajar Python' berhasil disimpan.
2024-07-20 00:27:33,828 - INFO - Buku 'Data Science dengan Python' berhasil disimpan.
2024-07-20 00:27:33,838 - INFO - Buku 'Web Development 101' berhasil disimpan.
2024-07-20 00:27:33,854 - INFO - Buku 'Machine Learning Basics' berhasil disimpan.
2024-07-20 00:27:33,867 - INFO - Buku 'Pengantar Statistik' berhasil disimpan.
2024-07-20 00:27:33,870 - INFO - Buku dengan ID 1 ditemukan.
2024-07-20 00:27:33,881 - INFO - Buku dengan ID 2 ditemukan.
2024-07-20 00:27:33,895 - INFO - Buku dengan ID 3 ditemukan.
2024-07-20 00:27:33,905 - INFO - Buku dengan ID 4 ditemukan.
2024-07-20 00:27:33,916 - INFO - Buku dengan ID 5 ditemukan.
2024-07-20 00:27:51,955 - INFO - Tabel buku berhasil dibuat.
2024-07-20 00:27:51,972 - INFO - Buku 'Belajar Python' berhasil disimpan.
2024-07-20 00:27:51,985 - INFO - Buku 'Data Science dengan Python' berhasil disimpan.
2024-07-20 00:27:51,996 - INFO - Buku 'Web Development 101' berhasil disimpan.
2024-07-20 00:27:52,006 - INFO - Buku 'Machine Learning Basics' berhasil disimpan.
2024-07-20 00:27:52,022 - INFO - Buku 'Pengantar Statistik' berhasil disimpan.
2024-07-20 00:27:52,033 - INFO - Buku dengan ID 1 ditemukan.
2024-07-20 00:27:52,045 - INFO - Buku dengan ID 2 ditemukan.
2024-07-20 00:27:52,053 - INFO - Buku dengan ID 3 ditemukan.
2024-07-20 00:27:52,066 - INFO - Buku dengan ID 4 ditemukan.
2024-07-20 00:27:52,074 - INFO - Buku dengan ID 5 ditemukan.
2024-07-20 00:44:38,316 - ERROR - Database error saat membuat tabel: 2003: Can't connect to MySQL server on 'localhost:3306' (10061 No connection could be made because the target machine actively refused it)
2024-07-20 00:44:40,347 - ERROR - Database error: 2003: Can't connect to MySQL server on 'localhost:3306' (10061 No connection could be made because the target machine actively refused it)
2024-07-20 00:44:42,389 - ERROR - Database error: 2003: Can't connect to MySQL server on 'localhost:3306' (10061 No connection could be made because the target machine actively refused it)
2024-07-20 00:44:44,426 - ERROR - Database error: 2003: Can't connect to MySQL server on 'localhost:3306' (10061 No connection could be made because the target machine actively refused it)
2024-07-20 00:44:46,446 - ERROR - Database error: 2003: Can't connect to MySQL server on 'localhost:3306' (10061 No connection could be made because the target machine actively refused it)
2024-07-20 00:44:48,464 - ERROR - Database error: 2003: Can't connect to MySQL server on 'localhost:3306' (10061 No connection could be made because the target machine actively refused it)
2024-07-20 00:44:50,511 - ERROR - Database error: 2003: Can't connect to MySQL server on 'localhost:3306' (10061 No connection could be made because the target machine actively refused it)
2024-07-20 00:44:52,542 - ERROR - Database error: 2003: Can't connect to MySQL server on 'localhost:3306' (10061 No connection could be made because the target machine actively refused it)
2024-07-20 00:44:54,575 - ERROR - Database error: 2003: Can't connect to MySQL server on 'localhost:3306' (10061 No connection could be made because the target machine actively refused it)
2024-07-20 00:44:56,621 - ERROR - Database error: 2003: Can't connect to MySQL server on 'localhost:3306' (10061 No connection could be made because the target machine actively refused it)
2024-07-20 00:44:58,663 - ERROR - Database error: 2003: Can't connect to MySQL server on 'localhost:3306' (10061 No connection could be made because the target machine actively refused it)
2024-07-20 00:45:46,132 - ERROR - Database error saat membuat tabel: 2003: Can't connect to MySQL server on 'localhost:3306' (10061 No connection could be made because the target machine actively refused it)
2024-07-20 00:45:48,169 - ERROR - Database error: 2003: Can't connect to MySQL server on 'localhost:3306' (10061 No connection could be made because the target machine actively refused it)
2024-07-20 00:45:50,211 - ERROR - Database error: 2003: Can't connect to MySQL server on 'localhost:3306' (10061 No connection could be made because the target machine actively refused it)
2024-07-20 00:45:51,335 - INFO - Buku 'Web Development 101' berhasil disimpan.
2024-07-20 00:45:51,345 - INFO - Buku 'Machine Learning Basics' berhasil disimpan.
2024-07-20 00:45:51,356 - INFO - Buku 'Pengantar Statistik' berhasil disimpan.
2024-07-20 00:45:51,366 - INFO - Buku dengan ID 1 ditemukan.
2024-07-20 00:45:51,366 - INFO - Buku dengan ID 2 ditemukan.
2024-07-20 00:45:51,384 - INFO - Buku dengan ID 3 ditemukan.
2024-07-20 00:45:51,392 - INFO - Buku dengan ID 4 ditemukan.
2024-07-20 00:45:51,403 - INFO - Buku dengan ID 5 ditemukan.
2024-07-20 00:56:50,347 - INFO - Tabel buku berhasil dibuat.
2024-07-20 00:56:50,357 - INFO - Buku 'Belajar Python' berhasil disimpan.
2024-07-20 00:56:50,369 - INFO - Buku 'Data Science dengan Python' berhasil disimpan.
2024-07-20 00:56:50,383 - INFO - Buku 'Web Development 101' berhasil disimpan.
2024-07-20 00:56:50,392 - INFO - Buku 'Machine Learning Basics' berhasil disimpan.
2024-07-20 00:56:50,408 - INFO - Buku 'Web Development 101' berhasil disimpan.
2024-07-20 00:56:50,417 - INFO - Buku dengan ID 1 ditemukan.
2024-07-20 00:56:50,425 - INFO - Buku dengan ID 2 ditemukan.
2024-07-20 00:56:50,440 - INFO - Buku dengan ID 3 ditemukan.
2024-07-20 00:56:50,442 - INFO - Buku dengan ID 4 ditemukan.
2024-07-20 00:56:50,459 - INFO - Buku dengan ID 5 ditemukan.
2024-07-20 01:00:24,048 - INFO - Tabel buku berhasil dibuat.
2024-07-20 01:00:24,058 - INFO - Buku 'Belajar Python' berhasil disimpan.
2024-07-20 01:00:24,076 - INFO - Buku 'Data Science dengan Python' berhasil disimpan.
2024-07-20 01:00:24,088 - INFO - Buku 'Web Development 101' berhasil disimpan.
2024-07-20 01:00:24,101 - INFO - Buku 'Machine Learning Basics' berhasil disimpan.
2024-07-20 01:00:24,113 - INFO - Buku 'Web Development 101' berhasil disimpan.
2024-07-20 01:00:24,123 - INFO - Buku dengan ID 1 ditemukan.
2024-07-20 01:00:24,132 - INFO - Buku dengan ID 2 ditemukan.
2024-07-20 01:00:24,143 - INFO - Buku dengan ID 3 ditemukan.
2024-07-20 01:00:24,148 - INFO - Buku dengan ID 4 ditemukan.
2024-07-20 01:00:24,156 - INFO - Buku dengan ID 5 ditemukan.
2024-07-20 01:01:31,384 - INFO - Tabel buku berhasil dibuat.
2024-07-20 01:01:31,400 - INFO - Buku 'Belajar Python' berhasil disimpan.
2024-07-20 01:01:31,411 - INFO - Buku 'Data Science dengan Python' berhasil disimpan.
2024-07-20 01:01:31,421 - INFO - Buku 'Web Development 101' berhasil disimpan.
2024-07-20 01:01:31,431 - INFO - Buku 'Machine Learning Basics' berhasil disimpan.
2024-07-20 01:01:31,447 - INFO - Buku 'Web Development 101' berhasil disimpan.
2024-07-20 01:01:31,452 - INFO - Buku dengan ID 1 ditemukan.
2024-07-20 01:01:31,463 - INFO - Buku dengan ID 2 ditemukan.
2024-07-20 01:01:31,472 - INFO - Buku dengan ID 3 ditemukan.
2024-07-20 01:01:31,482 - INFO - Buku dengan ID 4 ditemukan.
2024-07-20 01:01:31,495 - INFO - Buku dengan ID 5 ditemukan.
2024-07-20 01:01:54,941 - INFO - Tabel buku berhasil dibuat.
2024-07-20 01:01:54,958 - INFO - Buku 'Belajar Python' berhasil disimpan.
2024-07-20 01:01:54,964 - INFO - Buku 'Data Science dengan Python' berhasil disimpan.
2024-07-20 01:01:54,982 - INFO - Buku 'Web Development 101' berhasil disimpan.
2024-07-20 01:01:54,994 - INFO - Buku 'Machine Learning Basics' berhasil disimpan.
2024-07-20 01:01:55,003 - INFO - Buku 'Web Development 101' berhasil disimpan.
2024-07-20 01:01:55,016 - INFO - Buku dengan ID 1 ditemukan.
2024-07-20 01:01:55,027 - INFO - Buku dengan ID 2 ditemukan.
2024-07-20 01:01:55,035 - INFO - Buku dengan ID 3 ditemukan.
2024-07-20 01:01:55,048 - INFO - Buku dengan ID 4 ditemukan.
2024-07-20 01:01:55,054 - INFO - Buku dengan ID 5 ditemukan.
2024-07-20 01:02:47,150 - INFO - Tabel buku berhasil dibuat.
2024-07-20 01:02:47,165 - INFO - Buku 'Belajar Python' berhasil disimpan.
2024-07-20 01:02:47,175 - INFO - Buku 'Data Science dengan Python' berhasil disimpan.
2024-07-20 01:02:47,190 - INFO - Buku 'Web Development 101' berhasil disimpan.
2024-07-20 01:02:47,200 - INFO - Buku 'Machine Learning Basics' berhasil disimpan.
2024-07-20 01:02:47,214 - INFO - Buku 'Web Development 101' berhasil disimpan.
2024-07-20 01:02:47,226 - INFO - Buku dengan ID 1 ditemukan.
2024-07-20 01:02:47,235 - INFO - Buku dengan ID 2 ditemukan.
2024-07-20 01:02:47,247 - INFO - Buku dengan ID 3 ditemukan.
2024-07-20 01:02:47,257 - INFO - Buku dengan ID 4 ditemukan.
2024-07-20 01:02:47,268 - INFO - Buku dengan ID 5 ditemukan.
2024-07-20 01:03:21,593 - INFO - Tabel buku berhasil dibuat.
2024-07-20 01:03:21,602 - INFO - Buku 'Belajar Python' berhasil disimpan.
2024-07-20 01:03:21,612 - INFO - Buku 'Data Science dengan Python' berhasil disimpan.
2024-07-20 01:03:21,625 - INFO - Buku 'Web Development 101' berhasil disimpan.
2024-07-20 01:03:21,641 - INFO - Buku 'Machine Learning Basics' berhasil disimpan.
2024-07-20 01:03:21,654 - INFO - Buku 'Web Development 101' berhasil disimpan.
2024-07-20 01:03:21,664 - INFO - Buku dengan ID 1 ditemukan.
2024-07-20 01:03:21,675 - INFO - Buku dengan ID 2 ditemukan.
2024-07-20 01:03:21,685 - INFO - Buku dengan ID 3 ditemukan.
2024-07-20 01:03:21,695 - INFO - Buku dengan ID 4 ditemukan.
2024-07-20 01:03:21,705 - INFO - Buku dengan ID 5 ditemukan.
2024-07-20 01:03:48,498 - INFO - Tabel buku berhasil dibuat.
2024-07-20 01:03:48,512 - INFO - Buku 'Belajar Python' berhasil disimpan.
2024-07-20 01:03:48,523 - INFO - Buku 'Data Science dengan Python' berhasil disimpan.
2024-07-20 01:03:48,534 - INFO - Buku 'Web Development 101' berhasil disimpan.
2024-07-20 01:03:48,551 - INFO - Buku 'Machine Learning Basics' berhasil disimpan.
2024-07-20 01:03:48,556 - INFO - Buku 'Web Development 101' berhasil disimpan.
2024-07-20 01:03:48,573 - INFO - Buku dengan ID 1 ditemukan.
2024-07-20 01:03:48,584 - INFO - Buku dengan ID 2 ditemukan.
2024-07-20 01:03:48,589 - INFO - Buku dengan ID 3 ditemukan.
2024-07-20 01:03:48,605 - INFO - Buku dengan ID 4 ditemukan.
2024-07-20 01:03:48,614 - INFO - Buku dengan ID 5 ditemukan.
2024-07-20 01:05:07,557 - INFO - Tabel buku berhasil dibuat.
2024-07-20 01:05:07,570 - INFO - Buku 'Belajar Python' berhasil disimpan.
2024-07-20 01:05:07,588 - INFO - Buku 'Data Science dengan Python' berhasil disimpan.
2024-07-20 01:05:07,599 - INFO - Buku 'Web Development 101' berhasil disimpan.
2024-07-20 01:05:07,613 - INFO - Buku 'Machine Learning Basics' berhasil disimpan.
2024-07-20 01:05:07,626 - INFO - Buku 'Web Development 101' berhasil disimpan.
2024-07-20 01:05:07,632 - INFO - Buku dengan ID 1 ditemukan.
2024-07-20 01:05:07,646 - INFO - Buku dengan ID 2 ditemukan.
2024-07-20 01:05:07,654 - INFO - Buku dengan ID 3 ditemukan.
2024-07-20 01:05:07,664 - INFO - Buku dengan ID 4 ditemukan.
2024-07-20 01:05:07,676 - INFO - Buku dengan ID 5 ditemukan.
2024-07-20 01:05:08,613 - INFO - Tabel buku berhasil dibuat.
2024-07-20 01:05:08,630 - INFO - Buku 'Belajar Python' berhasil disimpan.
2024-07-20 01:05:08,639 - INFO - Buku 'Data Science dengan Python' berhasil disimpan.
2024-07-20 01:05:08,651 - INFO - Buku 'Web Development 101' berhasil disimpan.
2024-07-20 01:05:08,665 - INFO - Buku 'Machine Learning Basics' berhasil disimpan.
2024-07-20 01:05:08,678 - INFO - Buku 'Web Development 101' berhasil disimpan.
2024-07-20 01:05:08,680 - INFO - Buku dengan ID 1 ditemukan.
2024-07-20 01:05:08,695 - INFO - Buku dengan ID 2 ditemukan.
2024-07-20 01:05:08,700 - INFO - Buku dengan ID 3 ditemukan.
2024-07-20 01:05:08,714 - INFO - Buku dengan ID 4 ditemukan.
2024-07-20 01:05:08,723 - INFO - Buku dengan ID 5 ditemukan.
2024-07-20 01:05:17,926 - INFO - Tabel buku berhasil dibuat.
2024-07-20 01:05:17,936 - INFO - Buku 'Belajar Python' berhasil disimpan.
2024-07-20 01:05:17,948 - INFO - Buku 'Data Science dengan Python' berhasil disimpan.
2024-07-20 01:05:17,960 - INFO - Buku 'Web Development 101' berhasil disimpan.
2024-07-20 01:05:17,974 - INFO - Buku 'Machine Learning Basics' berhasil disimpan.
2024-07-20 01:05:17,984 - INFO - Buku 'Web Development 101' berhasil disimpan.
2024-07-20 01:05:17,995 - INFO - Buku dengan ID 1 ditemukan.
2024-07-20 01:05:18,001 - INFO - Buku dengan ID 2 ditemukan.
2024-07-20 01:05:18,016 - INFO - Buku dengan ID 3 ditemukan.
2024-07-20 01:05:18,019 - INFO - Buku dengan ID 4 ditemukan.
2024-07-20 01:05:18,036 - INFO - Buku dengan ID 5 ditemukan.
2024-07-20 01:31:59,795 - INFO - Tabel buku berhasil dibuat.
2024-07-20 01:31:59,804 - INFO - Buku 'Belajar Python' berhasil disimpan.
2024-07-20 01:31:59,808 - INFO - Buku 'Data Science dengan Python' berhasil disimpan.
2024-07-20 01:31:59,812 - INFO - Buku 'Web Development 101' berhasil disimpan.
2024-07-20 01:31:59,813 - INFO - Buku 'Machine Learning Basics' berhasil disimpan.
2024-07-20 01:31:59,819 - INFO - Buku 'Pengantar Statistik' berhasil disimpan.
2024-07-20 01:31:59,820 - INFO - Buku dengan ID 1 ditemukan.
2024-07-20 01:31:59,823 - INFO - Buku dengan ID 2 ditemukan.
2024-07-20 01:31:59,827 - INFO - Buku dengan ID 3 ditemukan.
2024-07-20 01:31:59,829 - INFO - Buku dengan ID 4 ditemukan.
2024-07-20 01:31:59,831 - INFO - Buku dengan ID 5 ditemukan.
2024-07-20 01:34:28,977 - INFO - Tabel buku berhasil dibuat.
2024-07-20 01:34:28,984 - INFO - Buku 'Belajar Python' berhasil disimpan.
2024-07-20 01:34:28,984 - INFO - Buku 'Data Science dengan Python' berhasil disimpan.
2024-07-20 01:34:28,984 - INFO - Buku 'Web Development 101' berhasil disimpan.
2024-07-20 01:34:28,984 - INFO - Buku 'Machine Learning Basics' berhasil disimpan.
2024-07-20 01:34:28,994 - INFO - Buku 'Pengantar Statistik' berhasil disimpan.
2024-07-20 01:34:28,994 - INFO - Buku dengan ID 1 ditemukan.
2024-07-20 01:34:28,994 - INFO - Buku dengan ID 2 ditemukan.
2024-07-20 01:34:28,994 - INFO - Buku dengan ID 3 ditemukan.
2024-07-20 01:34:28,994 - INFO - Buku dengan ID 4 ditemukan.
2024-07-20 01:34:29,002 - INFO - Buku dengan ID 5 ditemukan.
2024-07-20 02:31:00,590 - INFO - package: mysql.connector.plugins
2024-07-20 02:31:00,597 - INFO - plugin_name: mysql_native_password
2024-07-20 02:31:00,597 - INFO - AUTHENTICATION_PLUGIN_CLASS: MySQLNativePasswordAuthPlugin
2024-07-20 02:31:01,610 - INFO - package: mysql.connector.plugins
2024-07-20 02:31:01,610 - INFO - plugin_name: mysql_native_password
2024-07-20 02:31:01,614 - INFO - AUTHENTICATION_PLUGIN_CLASS: MySQLNativePasswordAuthPlugin
2024-07-20 02:31:09,909 - INFO - package: mysql.connector.plugins
2024-07-20 02:31:09,909 - INFO - plugin_name: mysql_native_password
2024-07-20 02:31:09,909 - INFO - AUTHENTICATION_PLUGIN_CLASS: MySQLNativePasswordAuthPlugin
2024-07-20 02:35:18,480 - INFO - package: mysql.connector.plugins
2024-07-20 02:35:18,480 - INFO - plugin_name: mysql_native_password
2024-07-20 02:35:18,480 - INFO - AUTHENTICATION_PLUGIN_CLASS: MySQLNativePasswordAuthPlugin
2024-07-20 02:59:40,959 - INFO - Tabel buku berhasil dibuat.
2024-07-20 03:02:26,213 - INFO - Tabel buku berhasil dibuat.
2024-07-20 03:11:13,158 - INFO - Tabel buku berhasil dibuat.
2024-07-20 03:14:22,118 - INFO - Tabel buku berhasil dibuat.
2024-07-20 03:14:22,787 - INFO - Tabel buku berhasil dibuat.
2024-07-20 03:14:23,512 - INFO - Tabel buku berhasil dibuat.
2024-07-20 03:59:35,361 - INFO - Tabel buku berhasil dibuat.
2024-07-20 04:19:00,976 - INFO - Tabel buku berhasil dibuat.
2024-07-20 04:19:08,419 - INFO - Tabel buku berhasil dibuat.
2024-07-20 04:21:46,276 - INFO - Tabel buku berhasil dibuat.
2024-07-20 04:22:27,188 - INFO - Tabel buku berhasil dibuat.
2024-07-20 04:22:40,301 - INFO - Tabel buku berhasil dibuat.
2024-07-20 04:22:48,022 - INFO - Tabel buku berhasil dibuat.
2024-07-20 04:34:28,739 - INFO - Tabel buku berhasil dibuat.
2024-07-20 04:34:38,923 - INFO - Tabel buku berhasil dibuat.
2024-07-20 04:34:39,710 - INFO - Tabel buku berhasil dibuat.
2024-07-20 04:35:55,886 - INFO - Tabel buku berhasil dibuat.
2024-07-20 04:35:55,899 - INFO - Buku 'Belajar Python' berhasil disimpan.
2024-07-20 04:35:55,902 - INFO - Buku 'Data Science dengan Python' berhasil disimpan.
2024-07-20 04:35:55,906 - INFO - Buku 'Web Development 101' berhasil disimpan.
2024-07-20 04:35:55,906 - INFO - Buku 'Machine Learning Basics' berhasil disimpan.
2024-07-20 04:35:55,915 - INFO - Buku 'Pengantar Statistik' berhasil disimpan.
2024-07-20 04:35:55,916 - INFO - Buku dengan ID 1 ditemukan.
2024-07-20 04:35:55,916 - INFO - Buku dengan ID 2 ditemukan.
2024-07-20 04:35:55,916 - INFO - Buku dengan ID 3 ditemukan.
2024-07-20 04:35:55,926 - INFO - Buku dengan ID 4 ditemukan.
2024-07-20 04:35:55,926 - INFO - Buku dengan ID 5 ditemukan.
2024-07-20 04:39:32,942 - INFO - Tabel buku berhasil dibuat.
2024-07-20 04:43:46,220 - INFO - Tabel buku berhasil dibuat.
2024-07-20 04:44:59,178 - INFO - Tabel buku berhasil dibuat.
2024-07-20 04:46:58,329 - INFO - Tabel buku berhasil dibuat.
2024-07-20 04:49:34,610 - INFO - Tabel buku berhasil dibuat.
2024-07-20 04:51:02,704 - INFO - Tabel buku berhasil dibuat.
2024-07-20 04:51:07,082 - INFO - Menampilkan daftar buku.
2024-07-20 04:55:55,041 - INFO - Tabel buku berhasil dibuat.
2024-07-20 04:56:00,453 - INFO - Menampilkan daftar buku.
2024-07-20 04:57:56,553 - INFO - Menampilkan daftar buku.2024-07-20 12:01:25,215 - INFO - Tabel buku berhasil dibuat.
2024-07-20 12:05:40,628 - INFO - Tabel buku berhasil dibuat.
2024-07-20 12:07:35,040 - INFO - Tabel buku berhasil dibuat.
2024-07-20 12:12:19,112 - INFO - Tabel buku berhasil dibuat.
2024-07-20 12:12:22,556 - INFO - Menampilkan daftar buku.
2024-07-20 12:16:34,563 - INFO - Tabel buku berhasil dibuat.
2024-07-20 12:16:38,956 - INFO - Menampilkan daftar buku.
2024-07-20 12:16:59,147 - INFO - Tabel buku berhasil dibuat.
2024-07-20 12:17:03,313 - INFO - Menampilkan daftar buku.
2024-07-20 12:18:28,175 - INFO - Tabel buku berhasil dibuat.
2024-07-20 12:20:48,782 - INFO - Tabel buku berhasil dibuat.
2024-07-20 12:26:25,967 - INFO - Tabel buku berhasil dibuat.
2024-07-20 12:28:01,686 - INFO - Tabel buku berhasil dibuat.
2024-07-20 12:29:26,231 - INFO - Tabel buku berhasil dibuat.
2024-07-20 12:31:22,280 - INFO - Tabel buku berhasil dibuat.
2024-07-20 12:33:57,391 - INFO - Tabel buku berhasil dibuat.
2024-07-20 12:34:01,207 - INFO - Menampilkan daftar buku.
2024-07-20 12:40:57,293 - INFO - Tabel buku berhasil dibuat.
2024-07-20 12:41:04,699 - INFO - Menampilkan daftar buku.
2024-07-20 12:41:05,482 - INFO - Menampilkan daftar buku.
2024-07-20 12:51:43,591 - INFO - Buku dengan ID 1 ditemukan.
2024-07-20 12:52:12,034 - INFO - Buku dengan ID 2 ditemukan.
